<?xml version="1.0" encoding="UTF-8"?>
<!-- Generated by org.testng.reporters.JUnitReportReporter -->
<testsuite skipped="0" hostname="DESKTOP-9S87ER3" name="ProductTest" tests="10" failures="0" timestamp="22 Jun 2021 18:25:59 GMT" time="7.766" errors="0">
  <testcase name="getProductsTest" time="2.240" classname="ProductTest"/>
  <testcase name="getProductsResponseTest" time="0.600" classname="ProductTest"/>
  <testcase name="postProductsTest" time="0.467" classname="ProductTest"/>
  <testcase name="postProductsTestWithResponseForDifferentDataSets" time="0.073" classname="ProductTest"/>
  <testcase name="postProductsTestWithResponseForDifferentDataSets" time="0.060" classname="ProductTest"/>
  <testcase name="postProductsTestWithResponseForDifferentDataSets" time="0.401" classname="ProductTest"/>
  <testcase name="postProductsTestWithResponseForDifferentDataSets" time="0.212" classname="ProductTest"/>
  <testcase name="postProductsTestWithResponse" time="1.739" classname="ProductTest"/>
  <testcase name="getProductsTestById" time="1.334" classname="ProductTest"/>
  <testcase name="deleteProductsTestById" time="0.640" classname="ProductTest"/>
</testsuite> <!-- ProductTest -->
